1544901703550	geckodriver	INFO	geckodriver 0.20.1
1544901703554	geckodriver	INFO	Listening on 127.0.0.1:40877
1544901704573	mozrunner::runner	INFO	Running command: "/usr/bin/firefox" "-marionette" "-headless" "-profile" "/tmp/rust_mozprofile.UoNkUwMpJKTA"
*** You are running in headless mode.
1544901704849	addons.webextension.screenshots@mozilla.org	WARN	Loading extension 'screenshots@mozilla.org': Reading manifest: Invalid host permission: resource://pdf.js/
1544901704849	addons.webextension.screenshots@mozilla.org	WARN	Loading extension 'screenshots@mozilla.org': Reading manifest: Invalid host permission: about:reader*
1544901704923	addons.xpi-utils	WARN	Add-on langpack-en-ZA@firefox.mozilla.org is not compatible with application version.
1544901704923	addons.xpi-utils	WARN	Add-on langpack-en-ZA@firefox.mozilla.org is not compatible with application version.
1544901704923	addons.xpi-utils	WARN	Add-on langpack-en-ZA@firefox.mozilla.org is not compatible with application version.
1544901704927	addons.xpi-utils	WARN	Add-on langpack-en-GB@firefox.mozilla.org is not compatible with application version.
1544901704927	addons.xpi-utils	WARN	Add-on langpack-en-GB@firefox.mozilla.org is not compatible with application version.
1544901704927	addons.xpi-utils	WARN	Add-on langpack-en-GB@firefox.mozilla.org is not compatible with application version.
1544901704931	addons.xpi-utils	WARN	Add-on langpack-en-CA@firefox.mozilla.org is not compatible with application version.
1544901704931	addons.xpi-utils	WARN	Add-on langpack-en-CA@firefox.mozilla.org is not compatible with application version.
1544901704931	addons.xpi-utils	WARN	Add-on langpack-en-CA@firefox.mozilla.org is not compatible with application version.
1544901704956	Marionette	DEBUG	Received observer notification profile-after-change
1544901705391	Marionette	DEBUG	Received observer notification command-line-startup
1544901705392	Marionette	DEBUG	Received observer notification nsPref:changed
1544901705392	Marionette	DEBUG	Init aborted (running=false, enabled=true, finalUIStartup=false)
1544901706114	Marionette	DEBUG	Received observer notification toplevel-window-ready
1544901707299	Marionette	DEBUG	Received observer notification sessionstore-windows-restored
1544901707299	Marionette	DEBUG	Waiting for delayed startup...
1544901707485	Marionette	DEBUG	Setting recommended pref app.update.disabledForTesting to true
1544901707485	Marionette	DEBUG	Setting recommended pref security.turn_off_all_security_so_that_viruses_can_take_over_this_computer to true
1544901707486	Marionette	DEBUG	Setting recommended pref browser.contentblocking.introCount to 99
1544901707486	Marionette	DEBUG	Setting recommended pref browser.newtabpage.enabled to false
1544901707487	Marionette	DEBUG	Setting recommended pref datareporting.policy.dataSubmissionPolicyAccepted to false
1544901707487	Marionette	DEBUG	Setting recommended pref dom.disable_beforeunload to true
1544901707487	Marionette	DEBUG	Setting recommended pref toolkit.cosmeticAnimations.enabled to false
1544901707599	Marionette	INFO	Listening on port 39245
1544901707599	Marionette	DEBUG	Remote service is active
1544901707684	Marionette	DEBUG	Accepted connection 0 from 127.0.0.1:46420
1544901707713	Marionette	TRACE	0 -> [0,1,"newSession",{"acceptInsecureCerts":true,"browserName":"firefox","capabilities":{"desiredCapabilities":{"acceptInsecureCerts":true,"browserName":"firefox"}}}]
1544901707714	Marionette	TRACE	0 <- [1,1,{"error":"unknown command","message":"newSession","stacktrace":"WebDriverError@chrome://marionette/content/error.js:178: ... et@chrome://marionette/content/server.js:236:8\n_onJSONObjectReady/<@chrome://marionette/content/transport.js:490:9\n"},null]
console.error: BroadcastService: 
  receivedBroadcastMessage: handler for
  remote-settings/monitor_changes
  threw error:
  Message: Error: Polling for changes failed: NetworkError when attempting to fetch resource..
  Stack:
    remoteSettingsFunction/remoteSettings.pollChanges@resource://services-settings/remote-settings.js:750:13

1544902109459	geckodriver	INFO	geckodriver 0.20.1
1544902109462	geckodriver	INFO	Listening on 127.0.0.1:51411
1544902110474	mozrunner::runner	INFO	Running command: "/usr/bin/firefox" "-marionette" "-profile" "/tmp/rust_mozprofile.XdlkKTvbF64l"
1544902110802	addons.webextension.screenshots@mozilla.org	WARN	Loading extension 'screenshots@mozilla.org': Reading manifest: Invalid host permission: resource://pdf.js/
1544902110802	addons.webextension.screenshots@mozilla.org	WARN	Loading extension 'screenshots@mozilla.org': Reading manifest: Invalid host permission: about:reader*
1544902110877	addons.xpi-utils	WARN	Add-on langpack-en-ZA@firefox.mozilla.org is not compatible with application version.
1544902110877	addons.xpi-utils	WARN	Add-on langpack-en-ZA@firefox.mozilla.org is not compatible with application version.
1544902110877	addons.xpi-utils	WARN	Add-on langpack-en-ZA@firefox.mozilla.org is not compatible with application version.
1544902110881	addons.xpi-utils	WARN	Add-on langpack-en-GB@firefox.mozilla.org is not compatible with application version.
1544902110881	addons.xpi-utils	WARN	Add-on langpack-en-GB@firefox.mozilla.org is not compatible with application version.
1544902110881	addons.xpi-utils	WARN	Add-on langpack-en-GB@firefox.mozilla.org is not compatible with application version.
1544902110885	addons.xpi-utils	WARN	Add-on langpack-en-CA@firefox.mozilla.org is not compatible with application version.
1544902110885	addons.xpi-utils	WARN	Add-on langpack-en-CA@firefox.mozilla.org is not compatible with application version.
1544902110886	addons.xpi-utils	WARN	Add-on langpack-en-CA@firefox.mozilla.org is not compatible with application version.
1544902110910	Marionette	DEBUG	Received observer notification profile-after-change
1544902111255	Marionette	DEBUG	Received observer notification command-line-startup
1544902111255	Marionette	DEBUG	Received observer notification nsPref:changed
1544902111255	Marionette	DEBUG	Init aborted (running=false, enabled=true, finalUIStartup=false)
1544902112037	Marionette	DEBUG	Received observer notification toplevel-window-ready
1544902113038	Marionette	DEBUG	Received observer notification sessionstore-windows-restored
1544902113038	Marionette	DEBUG	Waiting for delayed startup...
1544902113128	Marionette	DEBUG	Setting recommended pref app.update.disabledForTesting to true
1544902113128	Marionette	DEBUG	Setting recommended pref security.turn_off_all_security_so_that_viruses_can_take_over_this_computer to true
1544902113129	Marionette	DEBUG	Setting recommended pref browser.contentblocking.introCount to 99
1544902113129	Marionette	DEBUG	Setting recommended pref browser.newtabpage.enabled to false
1544902113130	Marionette	DEBUG	Setting recommended pref datareporting.policy.dataSubmissionPolicyAccepted to false
1544902113130	Marionette	DEBUG	Setting recommended pref dom.disable_beforeunload to true
1544902113130	Marionette	DEBUG	Setting recommended pref toolkit.cosmeticAnimations.enabled to false
1544902113160	Marionette	INFO	Listening on port 45263
1544902113160	Marionette	DEBUG	Remote service is active
1544902113182	Marionette	DEBUG	Accepted connection 0 from 127.0.0.1:41392
1544902113184	Marionette	TRACE	0 -> [0,1,"newSession",{"acceptInsecureCerts":true,"browserName":"firefox","capabilities":{"desiredCapabilities":{"acceptInsecureCerts":true,"browserName":"firefox"}}}]
1544902113184	Marionette	TRACE	0 <- [1,1,{"error":"unknown command","message":"newSession","stacktrace":"WebDriverError@chrome://marionette/content/error.js:178: ... et@chrome://marionette/content/server.js:236:8\n_onJSONObjectReady/<@chrome://marionette/content/transport.js:490:9\n"},null]
1544902307473	mozrunner::runner	INFO	Running command: "/usr/bin/firefox" "-marionette" "-foreground" "-no-remote" "-profile" "/tmp/rust_mozprofile.dLDSnN5837h9"
1544902307756	addons.webextension.screenshots@mozilla.org	WARN	Loading extension 'screenshots@mozilla.org': Reading manifest: Invalid host permission: resource://pdf.js/
1544902307757	addons.webextension.screenshots@mozilla.org	WARN	Loading extension 'screenshots@mozilla.org': Reading manifest: Invalid host permission: about:reader*
1544902307834	addons.xpi-utils	WARN	Add-on langpack-en-ZA@firefox.mozilla.org is not compatible with application version.
1544902307834	addons.xpi-utils	WARN	Add-on langpack-en-ZA@firefox.mozilla.org is not compatible with application version.
1544902307835	addons.xpi-utils	WARN	Add-on langpack-en-ZA@firefox.mozilla.org is not compatible with application version.
1544902307840	addons.xpi-utils	WARN	Add-on langpack-en-GB@firefox.mozilla.org is not compatible with application version.
1544902307840	addons.xpi-utils	WARN	Add-on langpack-en-GB@firefox.mozilla.org is not compatible with application version.
1544902307840	addons.xpi-utils	WARN	Add-on langpack-en-GB@firefox.mozilla.org is not compatible with application version.
1544902307844	addons.xpi-utils	WARN	Add-on langpack-en-CA@firefox.mozilla.org is not compatible with application version.
1544902307844	addons.xpi-utils	WARN	Add-on langpack-en-CA@firefox.mozilla.org is not compatible with application version.
1544902307845	addons.xpi-utils	WARN	Add-on langpack-en-CA@firefox.mozilla.org is not compatible with application version.
1544902310054	Marionette	INFO	Listening on port 46853
1544902310084	Marionette	WARN	TLS certificate errors will be ignored for this session
1544902320713	Marionette	INFO	Stopped listening on port 46853

###!!! [Child][RunMessage] Error: Channel closing: too late to send/recv, messages will be lost

[Parent 11506, Gecko_IOThread] WARNING: pipe error (78): Connection reset by peer: file /build/firefox-wWf_B4/firefox-64.0+build3/ipc/chromium/src/chrome/common/ipc_channel_posix.cc, line 363
1544902346124	mozrunner::runner	INFO	Running command: "/usr/bin/firefox" "-marionette" "-foreground" "-no-remote" "-profile" "/tmp/rust_mozprofile.4zJGMfjyrnAF"
1544902346414	addons.webextension.screenshots@mozilla.org	WARN	Loading extension 'screenshots@mozilla.org': Reading manifest: Invalid host permission: resource://pdf.js/
1544902346414	addons.webextension.screenshots@mozilla.org	WARN	Loading extension 'screenshots@mozilla.org': Reading manifest: Invalid host permission: about:reader*
1544902346490	addons.xpi-utils	WARN	Add-on langpack-en-ZA@firefox.mozilla.org is not compatible with application version.
1544902346490	addons.xpi-utils	WARN	Add-on langpack-en-ZA@firefox.mozilla.org is not compatible with application version.
1544902346490	addons.xpi-utils	WARN	Add-on langpack-en-ZA@firefox.mozilla.org is not compatible with application version.
1544902346494	addons.xpi-utils	WARN	Add-on langpack-en-GB@firefox.mozilla.org is not compatible with application version.
1544902346495	addons.xpi-utils	WARN	Add-on langpack-en-GB@firefox.mozilla.org is not compatible with application version.
1544902346495	addons.xpi-utils	WARN	Add-on langpack-en-GB@firefox.mozilla.org is not compatible with application version.
1544902346498	addons.xpi-utils	WARN	Add-on langpack-en-CA@firefox.mozilla.org is not compatible with application version.
1544902346498	addons.xpi-utils	WARN	Add-on langpack-en-CA@firefox.mozilla.org is not compatible with application version.
1544902346499	addons.xpi-utils	WARN	Add-on langpack-en-CA@firefox.mozilla.org is not compatible with application version.
1544902348726	Marionette	INFO	Listening on port 33633
1544902348733	Marionette	WARN	TLS certificate errors will be ignored for this session
1544902359521	Marionette	INFO	Stopped listening on port 33633
[Parent 11816, Gecko_IOThread] WARNING: pipe error (78): Connection reset by peer: file /build/firefox-wWf_B4/firefox-64.0+build3/ipc/chromium/src/chrome/common/ipc_channel_posix.cc, line 363
